<?xml version="1.0" encoding="UTF-8"?>
<coverage generated="1613882213130" clover="3.2.0">
  <project timestamp="1613882213130" name="All files">
    <metrics statements="14" coveredstatements="14" conditionals="4" coveredconditionals="3" methods="4" coveredmethods="4" elements="22" coveredelements="21" complexity="0" loc="14" ncloc="14" packages="1" files="1" classes="1"/>
    <file name="ajax.js" path="C:\new project\jest-how-to-example\DOM\Example3\ajax.js">
      <metrics statements="14" coveredstatements="14" conditionals="4" coveredconditionals="3" methods="4" coveredmethods="4"/>
      <line num="1" count="1" type="stmt"/>
      <line num="2" count="1" type="stmt"/>
      <line num="3" count="1" type="stmt"/>
      <line num="4" count="2" type="stmt"/>
      <line num="13" count="1" type="stmt"/>
      <line num="14" count="1" type="stmt"/>
      <line num="17" count="1" type="stmt"/>
      <line num="18" count="1" type="stmt"/>
      <line num="19" count="1" type="stmt"/>
      <line num="20" count="1" type="stmt"/>
      <line num="21" count="1" type="stmt"/>
      <line num="23" count="1" type="stmt"/>
      <line num="28" count="1" type="cond" truecount="3" falsecount="1"/>
      <line num="29" count="1" type="stmt"/>
    </file>
  </project>
</coverage>
