<?xml version="1.0" encoding="UTF-8"?>
<coverage generated="1613894028995" clover="3.2.0">
  <project timestamp="1613894028995" name="All files">
    <metrics statements="5" coveredstatements="2" conditionals="0" coveredconditionals="0" methods="3" coveredmethods="0" elements="8" coveredelements="2" complexity="0" loc="5" ncloc="5" packages="1" files="1" classes="1"/>
    <file name="utils.js" path="C:\new project\jest-how-to-example\Auto Mocking\utils.js">
      <metrics statements="5" coveredstatements="2" conditionals="0" coveredconditionals="0" methods="3" coveredmethods="0"/>
      <line num="1" count="1" type="stmt"/>
      <line num="2" count="0" type="stmt"/>
      <line num="3" count="0" type="stmt"/>
      <line num="4" count="0" type="stmt"/>
      <line num="7" count="1" type="stmt"/>
    </file>
  </project>
</coverage>
