{"C:\\new project\\jest-how-to-example\\Auto Mocking\\utils.js": {"path":"C:\\new project\\jest-how-to-example\\Auto Mocking\\utils.js","statementMap":{"0":{"start":{"line":1,"column":14},"end":{"line":5,"column":3}},"1":{"start":{"line":2,"column":21},"end":{"line":2,"column":41}},"2":{"start":{"line":3,"column":21},"end":{"line":3,"column":28}},"3":{"start":{"line":4,"column":28},"end":{"line":4,"column":47}},"4":{"start":{"line":7,"column":1},"end":{"line":7,"column":23}}},"fnMap":{"0":{"name":"(anonymous_0)","decl":{"start":{"line":2,"column":13},"end":{"line":2,"column":14}},"loc":{"start":{"line":2,"column":21},"end":{"line":2,"column":41}},"line":2},"1":{"name":"(anonymous_1)","decl":{"start":{"line":3,"column":15},"end":{"line":3,"column":16}},"loc":{"start":{"line":3,"column":21},"end":{"line":3,"column":28}},"line":3},"2":{"name":"(anonymous_2)","decl":{"start":{"line":4,"column":18},"end":{"line":4,"column":19}},"loc":{"start":{"line":4,"column":28},"end":{"line":4,"column":47}},"line":4}},"branchMap":{},"s":{"0":1,"1":0,"2":0,"3":0,"4":1},"f":{"0":0,"1":0,"2":0},"b":{},"_coverageSchema":"1a1c01bbd47fc00a2c39e90264f33305004495a9","hash":"997ccf9d8e04259b5d1bab76761dab47274d8089"}
}
